# JRE version: OpenJDK Runtime Environment (8.0_152-b02) (build 1.8.0_152-release-1024-b02)
# Java VM: OpenJDK 64-Bit Server VM (25.152-b02 mixed mode windows-amd64 compressed oops)
Heap:
 PSYoungGen      total 312832K, used 109375K [0x00000000e0000000, 0x00000000f5d00000, 0x0000000100000000)
  eden space 279552K, 27% used [0x00000000e0000000,0x00000000e4aa15d8,0x00000000f1100000)
  from space 33280K, 99% used [0x00000000f1b80000,0x00000000f3bae798,0x00000000f3c00000)
  to   space 33792K, 0% used [0x00000000f3c00000,0x00000000f3c00000,0x00000000f5d00000)
 ParOldGen       total 131072K, used 86316K [0x00000000a0000000, 0x00000000a8000000, 0x00000000e0000000)
  object space 131072K, 65% used [0x00000000a0000000,0x00000000a544b250,0x00000000a8000000)
 Metaspace       used 81761K, capacity 84662K, committed 84952K, reserved 1124352K
  class space    used 10236K, capacity 10940K, committed 11008K, reserved 1048576K
GC Heap History (10 events):
Event: 316.254 GC heap before
{Heap before GC invocations=24 (full 3):
 PSYoungGen      total 309760K, used 307404K [0x00000000e0000000, 0x00000000f4780000, 0x0000000100000000)
  eden space 289280K, 100% used [0x00000000e0000000,0x00000000f1a80000,0x00000000f1a80000)
  from space 20480K, 88% used [0x00000000f3380000,0x00000000f45333c8,0x00000000f4780000)
  to   space 23040K, 0% used [0x00000000f1a80000,0x00000000f1a80000,0x00000000f3100000)
 ParOldGen       total 131072K, used 52609K [0x00000000a0000000, 0x00000000a8000000, 0x00000000e0000000)
  object space 131072K, 40% used [0x00000000a0000000,0x00000000a3360438,0x00000000a8000000)
 Metaspace       used 70314K, capacity 72708K, committed 72920K, reserved 1112064K
  class space    used 9051K, capacity 9687K, committed 9728K, reserved 1048576K
Event: 316.351 GC heap after
Heap after GC invocations=24 (full 3):
 PSYoungGen      total 312320K, used 23017K [0x00000000e0000000, 0x00000000f7880000, 0x0000000100000000)
  eden space 289280K, 0% used [0x00000000e0000000,0x00000000e0000000,0x00000000f1a80000)
  from space 23040K, 99% used [0x00000000f1a80000,0x00000000f30fa4d0,0x00000000f3100000)
  to   space 34816K, 0% used [0x00000000f5680000,0x00000000f5680000,0x00000000f7880000)
 ParOldGen       total 131072K, used 74750K [0x00000000a0000000, 0x00000000a8000000, 0x00000000e0000000)
  object space 131072K, 57% used [0x00000000a0000000,0x00000000a48ffb90,0x00000000a8000000)
 Metaspace       used 70314K, capacity 72708K, committed 72920K, reserved 1112064K
  class space    used 9051K, capacity 9687K, committed 9728K, reserved 1048576K
}
Event: 360.074 GC heap before
{Heap before GC invocations=25 (full 3):
 PSYoungGen      total 312320K, used 312297K [0x00000000e0000000, 0x00000000f7880000, 0x0000000100000000)
  eden space 289280K, 100% used [0x00000000e0000000,0x00000000f1a80000,0x00000000f1a80000)
  from space 23040K, 99% used [0x00000000f1a80000,0x00000000f30fa4d0,0x00000000f3100000)
  to   space 34816K, 0% used [0x00000000f5680000,0x00000000f5680000,0x00000000f7880000)
 ParOldGen       total 131072K, used 74750K [0x00000000a0000000, 0x00000000a8000000, 0x00000000e0000000)
  object space 131072K, 57% used [0x00000000a0000000,0x00000000a48ffb90,0x00000000a8000000)
 Metaspace       used 74517K, capacity 77082K, committed 77144K, reserved 1116160K
  class space    used 9470K, capacity 10100K, committed 10112K, reserved 1048576K
Event: 360.158 GC heap after
Heap after GC invocations=25 (full 3):
 PSYoungGen      total 345600K, used 19408K [0x00000000e0000000, 0x00000000f7600000, 0x0000000100000000)
  eden space 313344K, 0% used [0x00000000e0000000,0x00000000e0000000,0x00000000f3200000)
  from space 32256K, 60% used [0x00000000f5680000,0x00000000f6974228,0x00000000f7600000)
  to   space 34816K, 0% used [0x00000000f3200000,0x00000000f3200000,0x00000000f5400000)
 ParOldGen       total 131072K, used 86292K [0x00000000a0000000, 0x00000000a8000000, 0x00000000e0000000)
  object space 131072K, 65% used [0x00000000a0000000,0x00000000a5445250,0x00000000a8000000)
 Metaspace       used 74517K, capacity 77082K, committed 77144K, reserved 1116160K
  class space    used 9470K, capacity 10100K, committed 10112K, reserved 1048576K
}
Event: 1997.730 GC heap before
{Heap before GC invocations=26 (full 3):
 PSYoungGen      total 345600K, used 332752K [0x00000000e0000000, 0x00000000f7600000, 0x0000000100000000)
  eden space 313344K, 100% used [0x00000000e0000000,0x00000000f3200000,0x00000000f3200000)
  from space 32256K, 60% used [0x00000000f5680000,0x00000000f6974228,0x00000000f7600000)
  to   space 34816K, 0% used [0x00000000f3200000,0x00000000f3200000,0x00000000f5400000)
 ParOldGen       total 131072K, used 86292K [0x00000000a0000000, 0x00000000a8000000, 0x00000000e0000000)
  object space 131072K, 65% used [0x00000000a0000000,0x00000000a5445250,0x00000000a8000000)
 Metaspace       used 75880K, capacity 78646K, committed 78936K, reserved 1118208K
  class space    used 9625K, capacity 10300K, committed 10368K, reserved 1048576K
Event: 1997.830 GC heap after
Heap after GC invocations=26 (full 3):
 PSYoungGen      total 321024K, used 19238K [0x00000000e0000000, 0x00000000f6a80000, 0x0000000100000000)
  eden space 301568K, 0% used [0x00000000e0000000,0x00000000e0000000,0x00000000f2680000)
  from space 19456K, 98% used [0x00000000f3200000,0x00000000f44c9a80,0x00000000f4500000)
  to   space 34816K, 0% used [0x00000000f4880000,0x00000000f4880000,0x00000000f6a80000)
 ParOldGen       total 131072K, used 86300K [0x00000000a0000000, 0x00000000a8000000, 0x00000000e0000000)
  object space 131072K, 65% used [0x00000000a0000000,0x00000000a5447250,0x00000000a8000000)
 Metaspace       used 75880K, capacity 78646K, committed 78936K, reserved 1118208K
  class space    used 9625K, capacity 10300K, committed 10368K, reserved 1048576K
}
Event: 2000.360 GC heap before
{Heap before GC invocations=27 (full 3):
 PSYoungGen      total 321024K, used 320806K [0x00000000e0000000, 0x00000000f6a80000, 0x0000000100000000)
  eden space 301568K, 100% used [0x00000000e0000000,0x00000000f2680000,0x00000000f2680000)
  from space 19456K, 98% used [0x00000000f3200000,0x00000000f44c9a80,0x00000000f4500000)
  to   space 34816K, 0% used [0x00000000f4880000,0x00000000f4880000,0x00000000f6a80000)
 ParOldGen       total 131072K, used 86300K [0x00000000a0000000, 0x00000000a8000000, 0x00000000e0000000)
  object space 131072K, 65% used [0x00000000a0000000,0x00000000a5447250,0x00000000a8000000)
 Metaspace       used 75936K, capacity 78710K, committed 78936K, reserved 1118208K
  class space    used 9625K, capacity 10300K, committed 10368K, reserved 1048576K
Event: 2000.402 GC heap after
Heap after GC invocations=27 (full 3):
 PSYoungGen      total 312832K, used 17870K [0x00000000e0000000, 0x00000000f5e80000, 0x0000000100000000)
  eden space 290304K, 0% used [0x00000000e0000000,0x00000000e0000000,0x00000000f1b80000)
  from space 22528K, 79% used [0x00000000f4880000,0x00000000f59f3ac0,0x00000000f5e80000)
  to   space 34304K, 0% used [0x00000000f1b80000,0x00000000f1b80000,0x00000000f3d00000)
 ParOldGen       total 131072K, used 86308K [0x00000000a0000000, 0x00000000a8000000, 0x00000000e0000000)
  object space 131072K, 65% used [0x00000000a0000000,0x00000000a5449250,0x00000000a8000000)
 Metaspace       used 75936K, capacity 78710K, committed 78936K, reserved 1118208K
  class space    used 9625K, capacity 10300K, committed 10368K, reserved 1048576K
}
Event: 2046.620 GC heap before
{Heap before GC invocations=28 (full 3):
 PSYoungGen      total 312832K, used 308174K [0x00000000e0000000, 0x00000000f5e80000, 0x0000000100000000)
  eden space 290304K, 100% used [0x00000000e0000000,0x00000000f1b80000,0x00000000f1b80000)
  from space 22528K, 79% used [0x00000000f4880000,0x00000000f59f3ac0,0x00000000f5e80000)
  to   space 34304K, 0% used [0x00000000f1b80000,0x00000000f1b80000,0x00000000f3d00000)
 ParOldGen       total 131072K, used 86308K [0x00000000a0000000, 0x00000000a8000000, 0x00000000e0000000)
  object space 131072K, 65% used [0x00000000a0000000,0x00000000a5449250,0x00000000a8000000)
 Metaspace       used 80009K, capacity 82838K, committed 83032K, reserved 1122304K
  class space    used 10132K, capacity 10844K, committed 10880K, reserved 1048576K
Event: 2046.665 GC heap after
Heap after GC invocations=28 (full 3):
 PSYoungGen      total 312832K, used 32953K [0x00000000e0000000, 0x00000000f5d00000, 0x0000000100000000)
  eden space 279552K, 0% used [0x00000000e0000000,0x00000000e0000000,0x00000000f1100000)
  from space 33280K, 99% used [0x00000000f1b80000,0x00000000f3bae798,0x00000000f3c00000)
  to   space 33792K, 0% used [0x00000000f3c00000,0x00000000f3c00000,0x00000000f5d00000)
 ParOldGen       total 131072K, used 86316K [0x00000000a0000000, 0x00000000a8000000, 0x00000000e0000000)
  object space 131072K, 65% used [0x00000000a0000000,0x00000000a544b250,0x00000000a8000000)
 Metaspace       used 80009K, capacity 82838K, committed 83032K, reserved 1122304K
  class space    used 10132K, capacity 10844K, committed 10880K, reserved 1048576K
}

